<?xml version="1.0" encoding="UTF-8" ?>
<testsuite name="cxxtest" date="Wed Jun 21 13:00:15 2017" tests="36" errors="0" failures="29" time="0" >
<testcase classname="LessThanEquals" name="testLessThanEquals" line="11">
<failure file="LessThanEquals.h" line="16" type="failedAssertLessThanEquals" >Error: Expected (1 &lt;= 0), found (1 &gt; 0)
Message: 1 &lt;=? 0
Error: Expected (1 &lt;= 0), found (1 &gt; 0)
Error: Expected (1 &lt; 0), found (1 &gt;= 0)
Message: 1 &lt;=? 0
Error: Expected (1 &lt;= 0), found (1 &gt; 0)
</failure>
<system-out >

In LessThanEquals::testLessThanEquals:
LessThanEquals.h:16: Error: Expected (1 &lt;= 0), but found (1 &gt; 0)
LessThanEquals.h:17: Message: 1 &lt;=? 0
LessThanEquals.h:17: Error: Expected (1 &lt;= 0), but found (1 &gt; 0)
LessThanEquals.h:19: Error: Expected (1 &lt; 0), but found (1 &gt;= 0)
LessThanEquals.h:20: Message: 1 &lt;=? 0
LessThanEquals.h:20: Error: Expected (1 &lt;= 0), but found (1 &gt; 0)
</system-out>
</testcase>
<testcase classname="Relation" name="testPredicate" line="17">
<failure file="Relation.h" line="19" type="failedAssertPredicate" >Error: Expected MyNegative()( 1 ), found !MyNegative()( 1 )
Message: 1 &lt;? 0
Error: Expected MyNegative()( 1 ), found !MyNegative()( 1 )
</failure>
<warning line="22" >1</warning>
<warning line="24" >1</warning>
<system-out >

In Relation::testPredicate:
Relation.h:19: Error: Expected MyNegative()(1) to be true, but found MyNegative()(1) is false
Relation.h:20: Message: 1 &lt;? 0
Relation.h:20: Error: Expected MyNegative()(1) to be true, but found MyNegative()(1) is false
Relation.h:22: Warning: 1
Relation.h:24: Warning: 1
</system-out>
</testcase>
<testcase classname="Relation" name="testRelation" line="27">
<failure file="Relation.h" line="29" type="failedAssertRelation" >Error: Expected MyLess&lt;int&gt;()( 2, 1 ), found !MyLess&lt;int&gt;()( 2, 1 )
Message: 2 &lt;? 1
Error: Expected MyLess&lt;int&gt;()( 2, 1 ), found !MyLess&lt;int&gt;()( 2, 1 )
</failure>
<warning line="32" >1</warning>
<warning line="34" >1</warning>
<system-out >

In Relation::testRelation:
Relation.h:29: Error: Expected MyLess&lt;int&gt;()(2, 1) to be true, but found MyLess&lt;int&gt;()(2, 1) is false
Relation.h:30: Message: 2 &lt;? 1
Relation.h:30: Error: Expected MyLess&lt;int&gt;()(2, 1) to be true, but found MyLess&lt;int&gt;()(2, 1) is false
Relation.h:32: Warning: 1
Relation.h:34: Warning: 1
</system-out>
</testcase>
<testcase classname="DefaultTraits" name="testSmallDefaultTraits" line="16">
<failure file="Traits_Default.h" line="23" type="failure" >Test failed: { 00 01 02 03 04 05 06 07  }
</failure>
<system-out >

In DefaultTraits::testSmallDefaultTraits:
Traits_Default.h:23: Error: { 00 01 02 03 04 05 06 07  }
</system-out>
</testcase>
<testcase classname="DefaultTraits" name="testBigDefaultTraits" line="32">
<failure file="Traits_Default.h" line="39" type="failure" >Test failed: { 98 99 9A 9B 9C 9D 9E 9F ... }
</failure>
<system-out >

In DefaultTraits::testBigDefaultTraits:
Traits_Default.h:39: Error: { 98 99 9A 9B 9C 9D 9E 9F ... }
</system-out>
</testcase>
<testcase classname="DoubleCall" name="testAssertEqualsWithSideEffects" line="19">
<failure file="DoubleCall.h" line="21" type="failedAssertEquals" >Error: Expected (increment() == 3), found (1 != 3)
</failure>
<system-out >

In DoubleCall::testAssertEqualsWithSideEffects:
DoubleCall.h:21: Error: Expected (increment() == 3), but found (1 != 3)
</system-out>
</testcase>
<testcase classname="DoubleCall" name="testAssertDiffersWithSideEffects" line="24">
<failure file="DoubleCall.h" line="26" type="failedAssertDiffers" >Error: Expected (increment() != 1), found (1)
</failure>
<system-out >

In DoubleCall::testAssertDiffersWithSideEffects:
DoubleCall.h:26: Error: Expected (increment() != 1), but found (1 == 1)
</system-out>
</testcase>
<testcase classname="DoubleCall" name="testAssertDeltaWithSideEffects" line="29">
<failure file="DoubleCall.h" line="31" type="failedAssertDelta" >Error: Expected (increment() == 2.0) up to 0.5 (0.5), found (1 != 2.0)
</failure>
<system-out >

In DoubleCall::testAssertDeltaWithSideEffects:
DoubleCall.h:31: Error: Expected (increment() == 2.0) within delta: (0.5), but found (1 != 2.0) and delta = 0.5
</system-out>
</testcase>
<testcase classname="SameData" name="testAssertSameData" line="22">
<failure file="SameData.h" line="24" type="failedAssertSameData" >Error: Expected DATA_SIZE (24)  bytes to be equal at (x) and (y), found
</failure>
<system-out >

In SameData::testAssertSameData:
SameData.h:24: Error: Expected first (DATA_SIZE)  (24) bytes to be equal at (x)  and (y),
But found:
{ 00 01 02 03 04 05 06 07 08 09 0A 0B 0C 0D 0E 0F 10 11 12 13 14 15 16 17 }
Differing from:
{ FF FE FD FC FB FA F9 F8 F7 F6 F5 F4 F3 F2 F1 F0 EF EE ED EC EB EA E9 E8 }
</system-out>
</testcase>
<testcase classname="SameData" name="testAssertMessageSameData" line="27">
<failure file="SameData.h" line="29" type="failedAssertSameData" >
Message: Not same data
Error: Expected DATA_SIZE (24)  bytes to be equal at (x) and (y), found
</failure>
<system-out >

In SameData::testAssertMessageSameData:
SameData.h:29: Message: Not same data
SameData.h:29: Error: Expected first (DATA_SIZE)  (24) bytes to be equal at (x)  and (y),
But found:
{ 00 01 02 03 04 05 06 07 08 09 0A 0B 0C 0D 0E 0F 10 11 12 13 14 15 16 17 }
Differing from:
{ FF FE FD FC FB FA F9 F8 F7 F6 F5 F4 F3 F2 F1 F0 EF EE ED EC EB EA E9 E8 }
</system-out>
</testcase>
<testcase classname="SameData" name="testSafeAssertSameData" line="32">
<failure file="SameData.h" line="34" type="failedAssertSameData" >Error: Expected DATA_SIZE (24)  bytes to be equal at (x) and (y), found
</failure>
<system-out >

In SameData::testSafeAssertSameData:
SameData.h:34: Error: Expected first (DATA_SIZE)  (24) bytes to be equal at (x)  and (y),
But found:
{ 00 01 02 03 04 05 06 07 08 09 0A 0B 0C 0D 0E 0F 10 11 12 13 14 15 16 17 }
Differing from:
{ FF FE FD FC FB FA F9 F8 F7 F6 F5 F4 F3 F2 F1 F0 EF EE ED EC EB EA E9 E8 }
</system-out>
</testcase>
<testcase classname="SameData" name="testSafeAssertMessageSameData" line="37">
<failure file="SameData.h" line="39" type="failedAssertSameData" >
Message: Not same data
Error: Expected DATA_SIZE (24)  bytes to be equal at (x) and (y), found
</failure>
<system-out >

In SameData::testSafeAssertMessageSameData:
SameData.h:39: Message: Not same data
SameData.h:39: Error: Expected first (DATA_SIZE)  (24) bytes to be equal at (x)  and (y),
But found:
{ 00 01 02 03 04 05 06 07 08 09 0A 0B 0C 0D 0E 0F 10 11 12 13 14 15 16 17 }
Differing from:
{ FF FE FD FC FB FA F9 F8 F7 F6 F5 F4 F3 F2 F1 F0 EF EE ED EC EB EA E9 E8 }
</system-out>
</testcase>
<testcase classname="SameFiles" name="testAssertFiles" line="12">
<system-out >
.</system-out>
</testcase>
<testcase classname="SameFiles" name="testAssertFileShorter" line="17">
<failure file="SameFiles.h" line="19" type="failedAssertSameFiles" >Error: File &apos;UT_Sources/SameFiles.h&apos; ended before file &apos;UT_Sources/SameFilesLonger.h&apos; (line 43)
= [40]: &apos;    }&apos;
= [41]: &apos;};&apos;
= [42]: &apos;&apos;
&lt; [43]: &apos;&apos;
&gt; [43]: &apos;/ This is a bit longer than SameFiles.h, so we can test the logic of file comparison&apos;
</failure>
<system-out >

In SameFiles::testAssertFileShorter:
SameFiles.h:19: Error: File &apos;UT_Sources/SameFiles.h&apos; ended before file &apos;UT_Sources/SameFilesLonger.h&apos; (line 43)
= [40]: &apos;    }&apos;
= [41]: &apos;};&apos;
= [42]: &apos;&apos;
&lt; [43]: &apos;&apos;
&gt; [43]: &apos;/ This is a bit longer than SameFiles.h, so we can test the logic of file comparison&apos;
</system-out>
</testcase>
<testcase classname="SameFiles" name="testAssertFileLonger" line="22">
<failure file="SameFiles.h" line="24" type="failedAssertSameFiles" >Error: File &apos;UT_Sources/SameFilesLonger.h&apos; ended after file &apos;UT_Sources/SameFiles.h&apos; (line 43)
= [40]: &apos;    }&apos;
= [41]: &apos;};&apos;
= [42]: &apos;&apos;
&lt; [43]: &apos;/ This is a bit longer than SameFiles.h, so we can test the logic of file comparison&apos;
&gt; [43]: &apos;&apos;
</failure>
<system-out >

In SameFiles::testAssertFileLonger:
SameFiles.h:24: Error: File &apos;UT_Sources/SameFilesLonger.h&apos; ended after file &apos;UT_Sources/SameFiles.h&apos; (line 43)
= [40]: &apos;    }&apos;
= [41]: &apos;};&apos;
= [42]: &apos;&apos;
&lt; [43]: &apos;/ This is a bit longer than SameFiles.h, so we can test the logic of file comparison&apos;
&gt; [43]: &apos;&apos;
</system-out>
</testcase>
<testcase classname="SameFiles" name="testAssertMessageSameFiles" line="27">
<failure file="SameFiles.h" line="29" type="failedAssertSameFiles" >
Message: Not same files
Error: Files &apos;UT_Sources/SameFiles.h&apos; and &apos;UT_Sources/SameData.h&apos; differ at line: 4, col: 48
= [1]: &apos;#include &lt;cxxtest/TestSuite.h&gt;&apos;
= [2]: &apos;&apos;
= [3]: &apos;//&apos;
&lt; [4]: &apos;// This test suite demonstrates TS_ASSERT_SAME_FILES&apos;
&gt; [4]: &apos;// This test suite demonstrates TS_ASSERT_SAME_DATA&apos;
</failure>
<system-out >

In SameFiles::testAssertMessageSameFiles:
SameFiles.h:29: Message: Not same files
SameFiles.h:29: Error: Files &apos;UT_Sources/SameFiles.h&apos; and &apos;UT_Sources/SameData.h&apos; differ at line: 4, col: 48
= [1]: &apos;#include &lt;cxxtest/TestSuite.h&gt;&apos;
= [2]: &apos;&apos;
= [3]: &apos;//&apos;
&lt; [4]: &apos;// This test suite demonstrates TS_ASSERT_SAME_FILES&apos;
&gt; [4]: &apos;// This test suite demonstrates TS_ASSERT_SAME_DATA&apos;
</system-out>
</testcase>
<testcase classname="SameFiles" name="testSafeAssertSameFiles" line="32">
<system-out >
.</system-out>
</testcase>
<testcase classname="SameFiles" name="testSafeAssertMessageSameFiles" line="37">
<failure file="SameFiles.h" line="39" type="failedAssertSameFiles" >
Message: Not same files
Error: Files &apos;UT_Sources/SameFiles.h&apos; and &apos;UT_Sources/SameData.h&apos; differ at line: 4, col: 48
= [1]: &apos;#include &lt;cxxtest/TestSuite.h&gt;&apos;
= [2]: &apos;&apos;
= [3]: &apos;//&apos;
&lt; [4]: &apos;// This test suite demonstrates TS_ASSERT_SAME_FILES&apos;
&gt; [4]: &apos;// This test suite demonstrates TS_ASSERT_SAME_DATA&apos;
</failure>
<system-out >

In SameFiles::testSafeAssertMessageSameFiles:
SameFiles.h:39: Message: Not same files
SameFiles.h:39: Error: Files &apos;UT_Sources/SameFiles.h&apos; and &apos;UT_Sources/SameData.h&apos; differ at line: 4, col: 48
= [1]: &apos;#include &lt;cxxtest/TestSuite.h&gt;&apos;
= [2]: &apos;&apos;
= [3]: &apos;//&apos;
&lt; [4]: &apos;// This test suite demonstrates TS_ASSERT_SAME_FILES&apos;
&gt; [4]: &apos;// This test suite demonstrates TS_ASSERT_SAME_DATA&apos;
</system-out>
</testcase>
<testcase classname="TestMessageMacros" name="testMessageMacros" line="10">
<failure file="Tsm.h" line="15" type="failedAssertTrue" >
Message: String
Assertion failed: false
Message: 42
Assertion failed: false
Message: String
Error: Expected (2 + 2 == 5), found (4 != 5)
Message: 42
Error: Expected (2 + 2 == 5), found (4 != 5)
Message: String
Error: Expected 1 (1)  bytes to be equal at (&amp;x) and (&amp;y), found
Message: 42
Error: Expected 1 (1)  bytes to be equal at (&amp;x) and (&amp;y), found
Message: String
Error: Expected (1.0 == 2.0) up to 0.5 (0.5), found (1.0 != 2.0)
Message: 42
Error: Expected (1.0 == 2.0) up to 0.5 (0.5), found (1.0 != 2.0)
Message: String
Error: Expected (0 != 0), found (0)
Message: 42
Error: Expected (0 != 0), found (0)
Message: String
Error: Expected (2 &lt; 1), found (2 &gt;= 1)
Message: 42
Error: Expected (2 &lt; 1), found (2 &gt;= 1)
Message: String
Error: Expected (throwNothing()) to throw (int) but it didn&apos;t throw
Message: 42
Error: Expected (throwNothing()) to throw (int) but it didn&apos;t throw
Message: String
Error: Expected (throwNothing()) to throw anything, but it did not
Message: 42
Error: Expected (throwNothing()) to throw anything, but it did not
Message: String
Error: Expected (throwInteger(n)) not to throw, but it did throw
Message: 42
Error: Expected (throwInteger(n)) not to throw, but it did throw
Message: String
Error: Expected (throwNothing()) to throw (int) but it didn&apos;t throw
Message: 42
Error: Expected (throwNothing()) to throw (int) but it didn&apos;t throw
Message: String
Error: Expected (throwNothing()) to throw (int) but it didn&apos;t throw
Message: 42
Error: Expected (throwNothing()) to throw (int) but it didn&apos;t throw
Message: String
Error: Expected (i == 43), found (42 != 43)
Message: 42
Error: Expected (i == 43), found (42 != 43)
</failure>
<system-out >

In TestMessageMacros::testMessageMacros:
Tsm.h:15: Message: String
Tsm.h:15: Error: Expected (false) to be true, but found it is false
Tsm.h:16: Message: 42
Tsm.h:16: Error: Expected (false) to be true, but found it is false
Tsm.h:17: Message: String
Tsm.h:17: Error: Expected (2 + 2 == 5), but found (4 != 5)
Tsm.h:18: Message: 42
Tsm.h:18: Error: Expected (2 + 2 == 5), but found (4 != 5)
Tsm.h:19: Message: String
Tsm.h:19: Error: Expected first (1)  (1) bytes to be equal at (&amp;x)  and (&amp;y),
But found:
{ 78 }
Differing from:
{ 79 }
Tsm.h:20: Message: 42
Tsm.h:20: Error: Expected first (1)  (1) bytes to be equal at (&amp;x)  and (&amp;y),
But found:
{ 78 }
Differing from:
{ 79 }
Tsm.h:21: Message: String
Tsm.h:21: Error: Expected (1.0 == 2.0) within delta: (0.5), but found (1.0 != 2.0) and delta = 0.5
Tsm.h:22: Message: 42
Tsm.h:22: Error: Expected (1.0 == 2.0) within delta: (0.5), but found (1.0 != 2.0) and delta = 0.5
Tsm.h:23: Message: String
Tsm.h:23: Error: Expected (0 != 0), but found (0 == 0)
Tsm.h:24: Message: 42
Tsm.h:24: Error: Expected (0 != 0), but found (0 == 0)
Tsm.h:25: Message: String
Tsm.h:25: Error: Expected (2 &lt; 1), but found (2 &gt;= 1)
Tsm.h:26: Message: 42
Tsm.h:26: Error: Expected (2 &lt; 1), but found (2 &gt;= 1)
Tsm.h:27: Message: String
Tsm.h:27: Error: Expected (throwNothing()) to throw (int), but found it didn&apos;t throw
Tsm.h:28: Message: 42
Tsm.h:28: Error: Expected (throwNothing()) to throw (int), but found it didn&apos;t throw
Tsm.h:29: Message: String
Tsm.h:29: Error: Expected (throwNothing())to throw anything, but found it did not throw
Tsm.h:30: Message: 42
Tsm.h:30: Error: Expected (throwNothing())to throw anything, but found it did not throw
Tsm.h:31: Message: String
Tsm.h:31: Error: Expected (throwInteger(n)) not to throw, but found it did throw
Tsm.h:32: Message: 42
Tsm.h:32: Error: Expected (throwInteger(n)) not to throw, but found it did throw
Tsm.h:33: Message: String
Tsm.h:33: Error: Expected (throwNothing()) to throw (int), but found it didn&apos;t throw
Tsm.h:34: Message: 42
Tsm.h:34: Error: Expected (throwNothing()) to throw (int), but found it didn&apos;t throw
Tsm.h:35: Message: String
Tsm.h:35: Error: Expected (throwNothing()) to throw (int), but found it didn&apos;t throw
Tsm.h:36: Message: 42
Tsm.h:36: Error: Expected (throwNothing()) to throw (int), but found it didn&apos;t throw
Tsm.h:37: Message: String
Tsm.h:37: Error: Expected (i == 43), but found (42 != 43)
Tsm.h:38: Message: 42
Tsm.h:38: Error: Expected (i == 43), but found (42 != 43)
</system-out>
</testcase>
<testcase classname="Traits_Strings" name="testCharTraits" line="12">
<failure file="Traits_Strings.h" line="14" type="failure" >Test failed: &apos;A&apos;
Test failed: &apos;\x04&apos;
Test failed: &apos;\x1B&apos;
Test failed: &apos;\0&apos;
Test failed: &apos;\r&apos;
Test failed: &apos;\n&apos;
Test failed: &apos;\b&apos;
Test failed: &apos;\t&apos;
Test failed: &apos;\a&apos;
Test failed: &apos;\xFB&apos;
</failure>
<system-out >

In Traits_Strings::testCharTraits:
Traits_Strings.h:14: Error: &apos;A&apos;
Traits_Strings.h:15: Error: &apos;\x04&apos;
Traits_Strings.h:16: Error: &apos;\x1B&apos;
Traits_Strings.h:17: Error: &apos;\0&apos;
Traits_Strings.h:18: Error: &apos;\r&apos;
Traits_Strings.h:19: Error: &apos;\n&apos;
Traits_Strings.h:20: Error: &apos;\b&apos;
Traits_Strings.h:21: Error: &apos;\t&apos;
Traits_Strings.h:22: Error: &apos;\a&apos;
Traits_Strings.h:23: Error: &apos;\xFB&apos;
</system-out>
</testcase>
<testcase classname="Traits_Strings" name="testStringTraits" line="26">
<failure file="Traits_Strings.h" line="28" type="failure" >Test failed: (char *) is displayed as-is

</failure>
<system-out >

In Traits_Strings::testStringTraits:
Traits_Strings.h:28: Error: (char *) is displayed as-is

</system-out>
</testcase>
<testcase classname="Traits_Strings" name="testStdStringTraits" line="31">
<failure file="Traits_Strings.h" line="35" type="failure" >Test failed: &quot;std::string is displayed with \&quot;\&quot;&quot;
Test failed: &quot;Escapes\rAre\rTranslated&quot;
Test failed: &quot;As are unprintable chars: \x124Vx&quot;
</failure>
<system-out >

In Traits_Strings::testStdStringTraits:
Traits_Strings.h:35: Error: &quot;std::string is displayed with \&quot;\&quot;&quot;
Traits_Strings.h:36: Error: &quot;Escapes\rAre\rTranslated&quot;
Traits_Strings.h:37: Error: &quot;As are unprintable chars: \x124Vx&quot;
</system-out>
</testcase>
<testcase classname="Traits_Integrals" name="testIntegerTraits" line="12">
<failure file="Traits_Integrals.h" line="14" type="failure" >Test failed: 1
Test failed: &apos;\x0F&apos;
Test failed: -12
Test failed: 34
Test failed: -123
Test failed: 456
Test failed: -12345
Test failed: 67890
</failure>
<system-out >

In Traits_Integrals::testIntegerTraits:
Traits_Integrals.h:14: Error: 1
Traits_Integrals.h:15: Error: &apos;\x0F&apos;
Traits_Integrals.h:16: Error: -12
Traits_Integrals.h:17: Error: 34
Traits_Integrals.h:18: Error: -123
Traits_Integrals.h:19: Error: 456
Traits_Integrals.h:20: Error: -12345
Traits_Integrals.h:21: Error: 67890
</system-out>
</testcase>
<testcase classname="Traits_Integrals" name="testFloatTraits" line="24">
<failure file="Traits_Integrals.h" line="26" type="failure" >Test failed: 5.0123457908630371</failure>
<system-out >

In Traits_Integrals::testFloatTraits:
Traits_Integrals.h:26: Error: 5.0123457908630371
</system-out>
</testcase>
<testcase classname="Traits_Integrals" name="testDoubleTrait" line="29">
<failure file="Traits_Integrals.h" line="31" type="failure" >Test failed: 5.0123456789012346</failure>
<system-out >

In Traits_Integrals::testDoubleTrait:
Traits_Integrals.h:31: Error: 5.0123456789012346
</system-out>
</testcase>
<testcase classname="Traits_Integrals" name="testBoolTraits" line="34">
<failure file="Traits_Integrals.h" line="36" type="failure" >Test failed: true
Test failed: false</failure>
<system-out >

In Traits_Integrals::testBoolTraits:
Traits_Integrals.h:36: Error: true
Traits_Integrals.h:37: Error: false
</system-out>
</testcase>
<testcase classname="MockTest" name="test_Mock" line="115">
<system-out >
.</system-out>
</testcase>
<testcase classname="MockTest" name="test_Real" line="121" />
<testcase classname="MockTest" name="test_Unimplemented" line="127">
<failure file="MockTest.h" line="33" type="failure" >Test failed: T::one(void) called with no T::Base_one object
Error: Expected (T::one() == 1), found (0 != 1)
</failure>
<system-out >

In MockTest::test_Unimplemented:
MockTest.h:33: Error: T::one(void) called with no T::Base_one object
MockTest.h:129: Error: Expected (T::one() == 1), but found (0 != 1)
</system-out>
</testcase>
<testcase classname="MockTest" name="test_More_complex_mock" line="132">
<system-out >
.</system-out>
</testcase>
<testcase classname="MockTest" name="test_Mock_traits" line="141">
<failure file="MockTest.h" line="40" type="failure" >Test failed: T::getOpaque(int i) called with no T::Base_getOpaque object
Error: Expected (T::getOpaque(3).value == 72), found (42 != 72)
</failure>
<system-out >

In MockTest::test_Mock_traits:
MockTest.h:40: Error: T::getOpaque(int i) called with no T::Base_getOpaque object
MockTest.h:143: Error: Expected (T::getOpaque(3).value == 72), but found (42 != 72)
</system-out>
</testcase>
<testcase classname="MockTest" name="test_Override" line="146">
<failure file="MockTest.h" line="33" type="failure" >Test failed: T::one(void) called with no T::Base_one object
Error: Expected (T::one() == 1), found (0 != 1)
</failure>
<system-out >

In MockTest::test_Override:
MockTest.h:33: Error: T::one(void) called with no T::Base_one object
MockTest.h:157: Error: Expected (T::one() == 1), but found (0 != 1)
</system-out>
</testcase>
<testcase classname="MockTest" name="test_Supply" line="160">
<system-out >
.</system-out>
</testcase>
<testcase classname="MockTest" name="test_Unimplemented_supply" line="166">
<failure file="MockTest.h" line="42" type="failure" >Test failed: T::supplyOne(void) called with no T::Base_supplyOne object
Error: Expected (supplyOne() == 1), found (0 != 1)
</failure>
<system-out >

In MockTest::test_Unimplemented_supply:
MockTest.h:42: Error: T::supplyOne(void) called with no T::Base_supplyOne object
MockTest.h:168: Error: Expected (supplyOne() == 1), but found (0 != 1)
</system-out>
</testcase>
<testcase classname="MockTest" name="test_More_complex_supply" line="171">
<system-out >
.</system-out>
</testcase>
<testcase classname="SameZero" name="test_TS_ASSERT_SAME_DATA_passed_zero" line="20">
<failure file="SameZero.h" line="22" type="failedAssertSameData" >Error: Expected sizeof(data) (4)  bytes to be equal at (data) and (0), found
Error: Expected sizeof(data) (4)  bytes to be equal at (0) and (data), found
</failure>
<system-out >

In SameZero::test_TS_ASSERT_SAME_DATA_passed_zero:
SameZero.h:22: Error: Expected first (sizeof(data))  (4) bytes to be equal at (data)  and (0),
But found:
{ 00 01 02 03 }
Differing from:
(null)
SameZero.h:23: Error: Expected first (sizeof(data))  (4) bytes to be equal at (0)  and (data),
But found:
(null)
Differing from:
{ 00 01 02 03 }
</system-out>
</testcase>
</testsuite>
